\BOOKMARK [0][-]{chapter.1}{\376\377\000E\000i\000n\000l\000e\000i\000t\000u\000n\000g}{}% 1
\BOOKMARK [1][-]{section.1.1}{\376\377\000M\000o\000t\000i\000v\000a\000t\000i\000o\000n}{chapter.1}% 2
\BOOKMARK [1][-]{section.1.2}{\376\377\000Z\000i\000e\000l\000s\000t\000e\000l\000l\000u\000n\000g}{chapter.1}% 3
\BOOKMARK [0][-]{chapter.2}{\376\377\000G\000r\000u\000n\000d\000l\000a\000g\000e\000n}{}% 4
\BOOKMARK [1][-]{section.2.1}{\376\377\000S\000z\000e\000n\000a\000r\000i\000e\000n}{chapter.2}% 5
\BOOKMARK [2][-]{subsection.2.1.1}{\376\377\000g\000g\000f\000.\000\040\000s\000c\000h\000o\000n\000\040\000p\000o\000t\000e\000n\000z\000i\000e\000l\000l\000e\000\040\000A\000n\000w\000e\000n\000d\000u\000n\000g\000s\000f\000\344\000l\000l\000e\000\040\000a\000u\000f\000f\000\374\000h\000r\000e\000n}{section.2.1}% 6
\BOOKMARK [1][-]{section.2.2}{\376\377\000S\000o\000f\000t\000w\000a\000r\000e\000d\000e\000s\000i\000g\000n}{chapter.2}% 7
\BOOKMARK [2][-]{subsection.2.2.1}{\376\377\040\023\000W\000e\000l\000c\000h\000e\000\040\000S\000o\000f\000t\000w\000a\000r\000e\000d\000e\000s\000i\000g\000n\000p\000r\000i\000n\000z\000i\000p\000i\000e\000n\000\040\000w\000e\000r\000d\000e\000n\000\040\000g\000e\000n\000u\000t\000z\000t\000?\040\023}{section.2.2}% 8
\BOOKMARK [2][-]{subsection.2.2.2}{\376\377\000E\000v\000e\000n\000t\000-\000D\000r\000i\000v\000e\000n\000\040\000S\000y\000s\000t\000e\000m\000s}{section.2.2}% 9
\BOOKMARK [2][-]{subsection.2.2.3}{\376\377\000B\000i\000l\000d\000v\000e\000r\000a\000r\000b\000e\000i\000t\000u\000n\000g}{section.2.2}% 10
\BOOKMARK [2][-]{subsection.2.2.4}{\376\377\000O\000b\000j\000e\000k\000t\000e\000r\000k\000e\000n\000n\000u\000n\000g}{section.2.2}% 11
\BOOKMARK [2][-]{subsection.2.2.5}{\376\377\000C\000o\000n\000n\000e\000c\000t\000e\000d\000\040\000C\000a\000r\000s}{section.2.2}% 12
\BOOKMARK [3][-]{subsubsection.2.2.5.1}{\376\377\000V\000e\000h\000i\000c\000l\000e\000\040\000t\000o\000\040\000V\000e\000h\000i\000c\000l\000e\000\040\000\050\000V\0002\000V\000\051}{subsection.2.2.5}% 13
\BOOKMARK [3][-]{subsubsection.2.2.5.2}{\376\377\000V\000e\000h\000i\000c\000l\000e\000\040\000t\000o\000\040\000P\000e\000d\000e\000s\000t\000r\000i\000a\000n\000\040\000\050\000V\0002\000P\000\051}{subsection.2.2.5}% 14
\BOOKMARK [3][-]{subsubsection.2.2.5.3}{\376\377\000V\000e\000h\000i\000c\000l\000e\000\040\000t\000o\000\040\000I\000n\000f\000r\000a\000s\000t\000r\000u\000c\000t\000u\000r\000e\000\040\000\050\000V\0002\000I\000\051}{subsection.2.2.5}% 15
\BOOKMARK [3][-]{subsubsection.2.2.5.4}{\376\377\000I\000n\000f\000r\000a\000s\000t\000r\000u\000c\000t\000u\000r\000e\000\040\000t\000o\000\040\000V\000e\000h\000i\000c\000l\000e\000\050\000I\0002\000V\000\051}{subsection.2.2.5}% 16
\BOOKMARK [1][-]{section.2.3}{\376\377\000T\000o\000o\000l\000s\000\040\000u\000n\000d\000\040\000F\000r\000a\000m\000e\000w\000o\000r\000k\000s}{chapter.2}% 17
\BOOKMARK [2][-]{subsection.2.3.1}{\376\377\000R\000O\000S}{section.2.3}% 18
\BOOKMARK [2][-]{subsection.2.3.2}{\376\377\000G\000a\000z\000e\000b\000o}{section.2.3}% 19
\BOOKMARK [2][-]{subsection.2.3.3}{\376\377\000T\000u\000r\000t\000l\000e\000B\000o\000t\0003}{section.2.3}% 20
\BOOKMARK [0][-]{chapter.3}{\376\377\000K\000o\000n\000z\000e\000p\000t\000i\000o\000n}{}% 21
\BOOKMARK [1][-]{section.3.1}{\376\377\000K\000o\000n\000z\000e\000p\000t\000i\000o\000n\000\040\000S\000z\000e\000n\000a\000r\000i\000o\000\040\0001}{chapter.3}% 22
\BOOKMARK [1][-]{section.3.2}{\376\377\000u\000s\000w\000.\000.\000.}{chapter.3}% 23
\BOOKMARK [0][-]{chapter.4}{\376\377\000S\000i\000m\000u\000l\000a\000t\000i\000o\000n}{}% 24
\BOOKMARK [1][-]{section.4.1}{\376\377\000S\000i\000m\000u\000l\000a\000t\000i\000o\000n\000\040\000S\000z\000e\000n\000a\000r\000i\000o\000\040\0001\000\040\000\050\000w\000i\000e\000\040\000g\000e\000p\000l\000a\000n\000t\000,\000\040\000w\000i\000e\000\040\000V\000o\000r\000a\000u\000s\000s\000e\000t\000z\000u\000n\000g\000\040\000g\000e\000s\000c\000h\000a\000f\000f\000e\000n\000,\000\040\000Z\000i\000e\000l\000,\000\040\000E\000r\000g\000e\000b\000n\000i\000s\000\040\000u\000s\000w\000.\000\051}{chapter.4}% 25
\BOOKMARK [1][-]{section.4.2}{\376\377\000u\000s\000w\000.\000.\000.}{chapter.4}% 26
\BOOKMARK [0][-]{chapter.5}{\376\377\000E\000r\000p\000r\000o\000b\000u\000n\000g}{}% 27
\BOOKMARK [1][-]{section.5.1}{\376\377\000E\000r\000p\000r\000o\000b\000u\000n\000g\000\040\000S\000z\000e\000n\000a\000r\000i\000o\000\040\0001\000\040\000\050\000w\000i\000e\000\040\000g\000e\000p\000l\000a\000n\000t\000,\000\040\000w\000i\000e\000\040\000V\000o\000r\000a\000u\000s\000s\000e\000t\000z\000u\000n\000g\000\040\000g\000e\000s\000c\000h\000a\000f\000f\000e\000n\000,\000\040\000Z\000i\000e\000l\000,\000\040\000E\000r\000g\000e\000b\000n\000i\000s\000\040\000u\000s\000w\000.\000\051}{chapter.5}% 28
\BOOKMARK [1][-]{section.5.2}{\376\377\000u\000s\000w\000.\000.\000.}{chapter.5}% 29
\BOOKMARK [0][-]{chapter.6}{\376\377\000E\000r\000g\000e\000b\000n\000i\000s\000s\000e}{}% 30
\BOOKMARK [0][-]{chapter.7}{\376\377\000F\000a\000z\000i\000t\000\040\000u\000n\000d\000\040\000A\000u\000s\000b\000l\000i\000c\000k}{}% 31
